<?xml version="1.0" encoding="UTF-8"?>
<testng-results ignored="0" total="1" passed="0" failed="0" skipped="1">
  <reporter-output>
  </reporter-output>
  <suite started-at="2024-08-18T21:01:54 IST" name="Default suite" finished-at="2024-08-18T21:04:03 IST" duration-ms="128830">
    <groups>
    </groups>
    <test started-at="2024-08-18T21:01:54 IST" name="Default test" finished-at="2024-08-18T21:04:03 IST" duration-ms="128830">
      <class name="Indbazaar.SeleniumJava.pages.HomePage">
        <test-method is-config="true" signature="driverSetup()[pri:0, instance:Indbazaar.SeleniumJava.pages.HomePage@35047d03]" started-at="2024-08-18T21:01:54 IST" name="driverSetup" finished-at="2024-08-18T21:04:00 IST" duration-ms="126682" status="FAIL">
          <exception class="org.openqa.selenium.SessionNotCreatedException">
            <message>
              <![CDATA[session not created: DevToolsActivePort file doesn't exist
Build info: version: '3.141.59', revision: 'e82be7d358', time: '2018-11-14T08:17:03'
System info: host: 'DESKTOP-AK0K9IC', ip: '192.168.1.11', os.name: 'Windows 10', os.arch: 'amd64', os.version: '10.0', java.version: '21.0.4'
Driver info: driver.version: ChromeDriver
remote stacktrace: GetHandleVerifier [0x00007FF680909642+30946]
(No symbol) [0x00007FF6808BE3D9]
(No symbol) [0x00007FF6807B6FDA]
(No symbol) [0x00007FF6807F5CF5]
(No symbol) [0x00007FF6807F16BC]
(No symbol) [0x00007FF6807EC4FA]
(No symbol) [0x00007FF6808378B9]
(No symbol) [0x00007FF680836F20]
(No symbol) [0x00007FF68082C813]
(No symbol) [0x00007FF6807FA6E5]
(No symbol) [0x00007FF6807FB021]
GetHandleVerifier [0x00007FF680A3F84D+1301229]
GetHandleVerifier [0x00007FF680A4BDC7+1351783]
GetHandleVerifier [0x00007FF680A42A13+1313971]
GetHandleVerifier [0x00007FF68093DD16+245686]
(No symbol) [0x00007FF6808C759F]
(No symbol) [0x00007FF6808C3814]
(No symbol) [0x00007FF6808C39A2]
(No symbol) [0x00007FF6808BA3FF]
BaseThreadInitThunk [0x00007FFF8A327374+20]
RtlUserThreadStart [0x00007FFF8AEFCC91+33]
]]>
            </message>
            <full-stacktrace>
              <![CDATA[org.openqa.selenium.SessionNotCreatedException: session not created: DevToolsActivePort file doesn't exist
Build info: version: '3.141.59', revision: 'e82be7d358', time: '2018-11-14T08:17:03'
System info: host: 'DESKTOP-AK0K9IC', ip: '192.168.1.11', os.name: 'Windows 10', os.arch: 'amd64', os.version: '10.0', java.version: '21.0.4'
Driver info: driver.version: ChromeDriver
remote stacktrace: GetHandleVerifier [0x00007FF680909642+30946]
(No symbol) [0x00007FF6808BE3D9]
(No symbol) [0x00007FF6807B6FDA]
(No symbol) [0x00007FF6807F5CF5]
(No symbol) [0x00007FF6807F16BC]
(No symbol) [0x00007FF6807EC4FA]
(No symbol) [0x00007FF6808378B9]
(No symbol) [0x00007FF680836F20]
(No symbol) [0x00007FF68082C813]
(No symbol) [0x00007FF6807FA6E5]
(No symbol) [0x00007FF6807FB021]
GetHandleVerifier [0x00007FF680A3F84D+1301229]
GetHandleVerifier [0x00007FF680A4BDC7+1351783]
GetHandleVerifier [0x00007FF680A42A13+1313971]
GetHandleVerifier [0x00007FF68093DD16+245686]
(No symbol) [0x00007FF6808C759F]
(No symbol) [0x00007FF6808C3814]
(No symbol) [0x00007FF6808C39A2]
(No symbol) [0x00007FF6808BA3FF]
BaseThreadInitThunk [0x00007FFF8A327374+20]
RtlUserThreadStart [0x00007FFF8AEFCC91+33]

at java.base/jdk.internal.reflect.DirectConstructorHandleAccessor.newInstance(DirectConstructorHandleAccessor.java:62)
at java.base/java.lang.reflect.Constructor.newInstanceWithCaller(Constructor.java:502)
at java.base/java.lang.reflect.Constructor.newInstance(Constructor.java:486)
at org.openqa.selenium.remote.W3CHandshakeResponse.lambda$errorHandler$0(W3CHandshakeResponse.java:62)
at org.openqa.selenium.remote.HandshakeResponse.lambda$getResponseFunction$0(HandshakeResponse.java:30)
at org.openqa.selenium.remote.ProtocolHandshake.lambda$createSession$0(ProtocolHandshake.java:126)
at java.base/java.util.stream.ReferencePipeline$3$1.accept(ReferencePipeline.java:197)
at java.base/java.util.Spliterators$ArraySpliterator.tryAdvance(Spliterators.java:1034)
at java.base/java.util.stream.ReferencePipeline.forEachWithCancel(ReferencePipeline.java:129)
at java.base/java.util.stream.AbstractPipeline.copyIntoWithCancel(AbstractPipeline.java:527)
at java.base/java.util.stream.AbstractPipeline.copyInto(AbstractPipeline.java:513)
at java.base/java.util.stream.AbstractPipeline.wrapAndCopyInto(AbstractPipeline.java:499)
at java.base/java.util.stream.FindOps$FindOp.evaluateSequential(FindOps.java:150)
at java.base/java.util.stream.AbstractPipeline.evaluate(AbstractPipeline.java:234)
at java.base/java.util.stream.ReferencePipeline.findFirst(ReferencePipeline.java:647)
at org.openqa.selenium.remote.ProtocolHandshake.createSession(ProtocolHandshake.java:128)
at org.openqa.selenium.remote.ProtocolHandshake.createSession(ProtocolHandshake.java:74)
at org.openqa.selenium.remote.HttpCommandExecutor.execute(HttpCommandExecutor.java:136)
at org.openqa.selenium.remote.service.DriverCommandExecutor.execute(DriverCommandExecutor.java:83)
at org.openqa.selenium.remote.RemoteWebDriver.execute(RemoteWebDriver.java:552)
at org.openqa.selenium.remote.RemoteWebDriver.startSession(RemoteWebDriver.java:213)
at org.openqa.selenium.remote.RemoteWebDriver.<init>(RemoteWebDriver.java:131)
at org.openqa.selenium.chrome.ChromeDriver.<init>(ChromeDriver.java:181)
at org.openqa.selenium.chrome.ChromeDriver.<init>(ChromeDriver.java:168)
at org.openqa.selenium.chrome.ChromeDriver.<init>(ChromeDriver.java:123)
at base.Driverinitilization.driverSetup(Driverinitilization.java:47)
at java.base/jdk.internal.reflect.DirectMethodHandleAccessor.invoke(DirectMethodHandleAccessor.java:103)
at java.base/java.lang.reflect.Method.invoke(Method.java:580)
at org.testng.internal.MethodInvocationHelper.invokeMethod(MethodInvocationHelper.java:134)
at org.testng.internal.MethodInvocationHelper.invokeMethodConsideringTimeout(MethodInvocationHelper.java:63)
at org.testng.internal.ConfigInvoker.invokeConfigurationMethod(ConfigInvoker.java:348)
at org.testng.internal.ConfigInvoker.invokeConfigurations(ConfigInvoker.java:302)
at org.testng.TestRunner.invokeTestConfigurations(TestRunner.java:619)
at org.testng.TestRunner.beforeRun(TestRunner.java:609)
at org.testng.TestRunner.run(TestRunner.java:580)
at org.testng.SuiteRunner.runTest(SuiteRunner.java:384)
at org.testng.SuiteRunner.runSequentially(SuiteRunner.java:378)
at org.testng.SuiteRunner.privateRun(SuiteRunner.java:337)
at org.testng.SuiteRunner.run(SuiteRunner.java:286)
at org.testng.SuiteRunnerWorker.runSuite(SuiteRunnerWorker.java:53)
at org.testng.SuiteRunnerWorker.run(SuiteRunnerWorker.java:96)
at org.testng.TestNG.runSuitesSequentially(TestNG.java:1187)
at org.testng.TestNG.runSuitesLocally(TestNG.java:1109)
at org.testng.TestNG.runSuites(TestNG.java:1039)
at org.testng.TestNG.run(TestNG.java:1007)
at org.testng.remote.AbstractRemoteTestNG.run(AbstractRemoteTestNG.java:115)
at org.testng.remote.RemoteTestNG.initAndRun(RemoteTestNG.java:293)
at org.testng.remote.RemoteTestNG.main(RemoteTestNG.java:91)
]]>
            </full-stacktrace>
          </exception> <!-- org.openqa.selenium.SessionNotCreatedException -->
          <reporter-output>
          </reporter-output>
        </test-method> <!-- driverSetup -->
        <test-method signature="category()[pri:0, instance:Indbazaar.SeleniumJava.pages.HomePage@35047d03]" started-at="2024-08-18T21:04:03 IST" name="category" finished-at="2024-08-18T21:04:03 IST" duration-ms="0" status="SKIP">
          <exception class="org.openqa.selenium.SessionNotCreatedException">
            <message>
              <![CDATA[session not created: DevToolsActivePort file doesn't exist
Build info: version: '3.141.59', revision: 'e82be7d358', time: '2018-11-14T08:17:03'
System info: host: 'DESKTOP-AK0K9IC', ip: '192.168.1.11', os.name: 'Windows 10', os.arch: 'amd64', os.version: '10.0', java.version: '21.0.4'
Driver info: driver.version: ChromeDriver
remote stacktrace: GetHandleVerifier [0x00007FF680909642+30946]
(No symbol) [0x00007FF6808BE3D9]
(No symbol) [0x00007FF6807B6FDA]
(No symbol) [0x00007FF6807F5CF5]
(No symbol) [0x00007FF6807F16BC]
(No symbol) [0x00007FF6807EC4FA]
(No symbol) [0x00007FF6808378B9]
(No symbol) [0x00007FF680836F20]
(No symbol) [0x00007FF68082C813]
(No symbol) [0x00007FF6807FA6E5]
(No symbol) [0x00007FF6807FB021]
GetHandleVerifier [0x00007FF680A3F84D+1301229]
GetHandleVerifier [0x00007FF680A4BDC7+1351783]
GetHandleVerifier [0x00007FF680A42A13+1313971]
GetHandleVerifier [0x00007FF68093DD16+245686]
(No symbol) [0x00007FF6808C759F]
(No symbol) [0x00007FF6808C3814]
(No symbol) [0x00007FF6808C39A2]
(No symbol) [0x00007FF6808BA3FF]
BaseThreadInitThunk [0x00007FFF8A327374+20]
RtlUserThreadStart [0x00007FFF8AEFCC91+33]
]]>
            </message>
            <full-stacktrace>
              <![CDATA[org.openqa.selenium.SessionNotCreatedException: session not created: DevToolsActivePort file doesn't exist
Build info: version: '3.141.59', revision: 'e82be7d358', time: '2018-11-14T08:17:03'
System info: host: 'DESKTOP-AK0K9IC', ip: '192.168.1.11', os.name: 'Windows 10', os.arch: 'amd64', os.version: '10.0', java.version: '21.0.4'
Driver info: driver.version: ChromeDriver
remote stacktrace: GetHandleVerifier [0x00007FF680909642+30946]
(No symbol) [0x00007FF6808BE3D9]
(No symbol) [0x00007FF6807B6FDA]
(No symbol) [0x00007FF6807F5CF5]
(No symbol) [0x00007FF6807F16BC]
(No symbol) [0x00007FF6807EC4FA]
(No symbol) [0x00007FF6808378B9]
(No symbol) [0x00007FF680836F20]
(No symbol) [0x00007FF68082C813]
(No symbol) [0x00007FF6807FA6E5]
(No symbol) [0x00007FF6807FB021]
GetHandleVerifier [0x00007FF680A3F84D+1301229]
GetHandleVerifier [0x00007FF680A4BDC7+1351783]
GetHandleVerifier [0x00007FF680A42A13+1313971]
GetHandleVerifier [0x00007FF68093DD16+245686]
(No symbol) [0x00007FF6808C759F]
(No symbol) [0x00007FF6808C3814]
(No symbol) [0x00007FF6808C39A2]
(No symbol) [0x00007FF6808BA3FF]
BaseThreadInitThunk [0x00007FFF8A327374+20]
RtlUserThreadStart [0x00007FFF8AEFCC91+33]

at java.base/jdk.internal.reflect.DirectConstructorHandleAccessor.newInstance(DirectConstructorHandleAccessor.java:62)
at java.base/java.lang.reflect.Constructor.newInstanceWithCaller(Constructor.java:502)
at java.base/java.lang.reflect.Constructor.newInstance(Constructor.java:486)
at org.openqa.selenium.remote.W3CHandshakeResponse.lambda$errorHandler$0(W3CHandshakeResponse.java:62)
at org.openqa.selenium.remote.HandshakeResponse.lambda$getResponseFunction$0(HandshakeResponse.java:30)
at org.openqa.selenium.remote.ProtocolHandshake.lambda$createSession$0(ProtocolHandshake.java:126)
at java.base/java.util.stream.ReferencePipeline$3$1.accept(ReferencePipeline.java:197)
at java.base/java.util.Spliterators$ArraySpliterator.tryAdvance(Spliterators.java:1034)
at java.base/java.util.stream.ReferencePipeline.forEachWithCancel(ReferencePipeline.java:129)
at java.base/java.util.stream.AbstractPipeline.copyIntoWithCancel(AbstractPipeline.java:527)
at java.base/java.util.stream.AbstractPipeline.copyInto(AbstractPipeline.java:513)
at java.base/java.util.stream.AbstractPipeline.wrapAndCopyInto(AbstractPipeline.java:499)
at java.base/java.util.stream.FindOps$FindOp.evaluateSequential(FindOps.java:150)
at java.base/java.util.stream.AbstractPipeline.evaluate(AbstractPipeline.java:234)
at java.base/java.util.stream.ReferencePipeline.findFirst(ReferencePipeline.java:647)
at org.openqa.selenium.remote.ProtocolHandshake.createSession(ProtocolHandshake.java:128)
at org.openqa.selenium.remote.ProtocolHandshake.createSession(ProtocolHandshake.java:74)
at org.openqa.selenium.remote.HttpCommandExecutor.execute(HttpCommandExecutor.java:136)
at org.openqa.selenium.remote.service.DriverCommandExecutor.execute(DriverCommandExecutor.java:83)
at org.openqa.selenium.remote.RemoteWebDriver.execute(RemoteWebDriver.java:552)
at org.openqa.selenium.remote.RemoteWebDriver.startSession(RemoteWebDriver.java:213)
at org.openqa.selenium.remote.RemoteWebDriver.<init>(RemoteWebDriver.java:131)
at org.openqa.selenium.chrome.ChromeDriver.<init>(ChromeDriver.java:181)
at org.openqa.selenium.chrome.ChromeDriver.<init>(ChromeDriver.java:168)
at org.openqa.selenium.chrome.ChromeDriver.<init>(ChromeDriver.java:123)
at base.Driverinitilization.driverSetup(Driverinitilization.java:47)
at java.base/jdk.internal.reflect.DirectMethodHandleAccessor.invoke(DirectMethodHandleAccessor.java:103)
at java.base/java.lang.reflect.Method.invoke(Method.java:580)
at org.testng.internal.MethodInvocationHelper.invokeMethod(MethodInvocationHelper.java:134)
at org.testng.internal.MethodInvocationHelper.invokeMethodConsideringTimeout(MethodInvocationHelper.java:63)
at org.testng.internal.ConfigInvoker.invokeConfigurationMethod(ConfigInvoker.java:348)
at org.testng.internal.ConfigInvoker.invokeConfigurations(ConfigInvoker.java:302)
at org.testng.TestRunner.invokeTestConfigurations(TestRunner.java:619)
at org.testng.TestRunner.beforeRun(TestRunner.java:609)
at org.testng.TestRunner.run(TestRunner.java:580)
at org.testng.SuiteRunner.runTest(SuiteRunner.java:384)
at org.testng.SuiteRunner.runSequentially(SuiteRunner.java:378)
at org.testng.SuiteRunner.privateRun(SuiteRunner.java:337)
at org.testng.SuiteRunner.run(SuiteRunner.java:286)
at org.testng.SuiteRunnerWorker.runSuite(SuiteRunnerWorker.java:53)
at org.testng.SuiteRunnerWorker.run(SuiteRunnerWorker.java:96)
at org.testng.TestNG.runSuitesSequentially(TestNG.java:1187)
at org.testng.TestNG.runSuitesLocally(TestNG.java:1109)
at org.testng.TestNG.runSuites(TestNG.java:1039)
at org.testng.TestNG.run(TestNG.java:1007)
at org.testng.remote.AbstractRemoteTestNG.run(AbstractRemoteTestNG.java:115)
at org.testng.remote.RemoteTestNG.initAndRun(RemoteTestNG.java:293)
at org.testng.remote.RemoteTestNG.main(RemoteTestNG.java:91)
]]>
            </full-stacktrace>
          </exception> <!-- org.openqa.selenium.SessionNotCreatedException -->
          <reporter-output>
          </reporter-output>
        </test-method> <!-- category -->
      </class> <!-- Indbazaar.SeleniumJava.pages.HomePage -->
    </test> <!-- Default test -->
  </suite> <!-- Default suite -->
</testng-results>
